<?xml version="1.0" encoding="UTF-8"?>
<testsuite xmlns:xsi="http://www.w3.org/2001/XMLSchema-instance" xsi:noNamespaceSchemaLocation="https://maven.apache.org/surefire/maven-surefire-plugin/xsd/surefire-test-report-3.0.xsd" version="3.0" name="com.jokes.remote.rest.CustomRestClientBuilderTest" time="9.294" tests="1" errors="0" skipped="0" failures="0">
  <properties>
    <property name="sun.desktop" value="windows"/>
    <property name="awt.toolkit" value="sun.awt.windows.WToolkit"/>
    <property name="java.specification.version" value="11"/>
    <property name="sun.cpu.isalist" value="amd64"/>
    <property name="sun.jnu.encoding" value="Cp1252"/>
    <property name="java.class.path" value="D:\Devonfw\fwk-dist_2.1.0\workspaces\Librerias Arquitectura\Quarkus\rest-jokes-extension\deployment\target\test-classes;D:\Devonfw\fwk-dist_2.1.0\workspaces\Librerias Arquitectura\Quarkus\rest-jokes-extension\deployment\target\classes;D:\Quarkus\LibrariesMvn\io\quarkus\quarkus-arc-deployment\1.13.4.Final\quarkus-arc-deployment-1.13.4.Final.jar;D:\Quarkus\LibrariesMvn\io\quarkus\quarkus-core-deployment\1.13.4.Final\quarkus-core-deployment-1.13.4.Final.jar;D:\Quarkus\LibrariesMvn\org\wildfly\common\wildfly-common\1.5.4.Final-format-001\wildfly-common-1.5.4.Final-format-001.jar;D:\Quarkus\LibrariesMvn\io\quarkus\gizmo\gizmo\1.0.7.Final\gizmo-1.0.7.Final.jar;D:\Quarkus\LibrariesMvn\org\ow2\asm\asm-util\9.1\asm-util-9.1.jar;D:\Quarkus\LibrariesMvn\org\ow2\asm\asm-tree\9.1\asm-tree-9.1.jar;D:\Quarkus\LibrariesMvn\org\ow2\asm\asm-analysis\9.1\asm-analysis-9.1.jar;D:\Quarkus\LibrariesMvn\org\jboss\jandex\2.2.3.Final\jandex-2.2.3.Final.jar;D:\Quarkus\LibrariesMvn\org\ow2\asm\asm\9.1\asm-9.1.jar;D:\Quarkus\LibrariesMvn\io\quarkus\quarkus-development-mode-spi\1.13.4.Final\quarkus-development-mode-spi-1.13.4.Final.jar;D:\Quarkus\LibrariesMvn\io\quarkus\quarkus-class-change-agent\1.13.4.Final\quarkus-class-change-agent-1.13.4.Final.jar;D:\Quarkus\LibrariesMvn\io\quarkus\quarkus-builder\1.13.4.Final\quarkus-builder-1.13.4.Final.jar;D:\Quarkus\LibrariesMvn\org\graalvm\sdk\graal-sdk\21.0.0\graal-sdk-21.0.0.jar;D:\Quarkus\LibrariesMvn\io\quarkus\quarkus-vertx-http-dev-console-spi\1.13.4.Final\quarkus-vertx-http-dev-console-spi-1.13.4.Final.jar;D:\Quarkus\LibrariesMvn\io\quarkus\quarkus-vertx-http-dev-console-runtime-spi\1.13.4.Final\quarkus-vertx-http-dev-console-runtime-spi-1.13.4.Final.jar;D:\Quarkus\LibrariesMvn\io\quarkus\arc\arc\1.13.4.Final\arc-1.13.4.Final.jar;D:\Quarkus\LibrariesMvn\jakarta\transaction\jakarta.transaction-api\1.3.3\jakarta.transaction-api-1.3.3.jar;D:\Quarkus\LibrariesMvn\io\vertx\vertx-web\3.9.6\vertx-web-3.9.6.jar;D:\Quarkus\LibrariesMvn\io\vertx\vertx-web-common\3.9.6\vertx-web-common-3.9.6.jar;D:\Quarkus\LibrariesMvn\io\vertx\vertx-auth-common\3.9.6\vertx-auth-common-3.9.6.jar;D:\Quarkus\LibrariesMvn\io\vertx\vertx-bridge-common\3.9.6\vertx-bridge-common-3.9.6.jar;D:\Quarkus\LibrariesMvn\io\vertx\vertx-core\3.9.6\vertx-core-3.9.6.jar;D:\Quarkus\LibrariesMvn\io\netty\netty-common\4.1.49.Final\netty-common-4.1.49.Final.jar;D:\Quarkus\LibrariesMvn\io\netty\netty-buffer\4.1.49.Final\netty-buffer-4.1.49.Final.jar;D:\Quarkus\LibrariesMvn\io\netty\netty-transport\4.1.49.Final\netty-transport-4.1.49.Final.jar;D:\Quarkus\LibrariesMvn\io\netty\netty-handler\4.1.49.Final\netty-handler-4.1.49.Final.jar;D:\Quarkus\LibrariesMvn\io\netty\netty-codec\4.1.49.Final\netty-codec-4.1.49.Final.jar;D:\Quarkus\LibrariesMvn\io\netty\netty-handler-proxy\4.1.49.Final\netty-handler-proxy-4.1.49.Final.jar;D:\Quarkus\LibrariesMvn\io\netty\netty-codec-socks\4.1.49.Final\netty-codec-socks-4.1.49.Final.jar;D:\Quarkus\LibrariesMvn\io\netty\netty-codec-http\4.1.49.Final\netty-codec-http-4.1.49.Final.jar;D:\Quarkus\LibrariesMvn\io\netty\netty-codec-http2\4.1.49.Final\netty-codec-http2-4.1.49.Final.jar;D:\Quarkus\LibrariesMvn\io\netty\netty-resolver\4.1.49.Final\netty-resolver-4.1.49.Final.jar;D:\Quarkus\LibrariesMvn\io\netty\netty-resolver-dns\4.1.49.Final\netty-resolver-dns-4.1.49.Final.jar;D:\Quarkus\LibrariesMvn\io\netty\netty-codec-dns\4.1.49.Final\netty-codec-dns-4.1.49.Final.jar;D:\Quarkus\LibrariesMvn\com\fasterxml\jackson\core\jackson-core\2.12.3\jackson-core-2.12.3.jar;D:\Quarkus\LibrariesMvn\com\fasterxml\jackson\core\jackson-databind\2.12.3\jackson-databind-2.12.3.jar;D:\Quarkus\LibrariesMvn\com\fasterxml\jackson\core\jackson-annotations\2.12.3\jackson-annotations-2.12.3.jar;D:\Quarkus\LibrariesMvn\io\quarkus\quarkus-arc\1.13.4.Final\quarkus-arc-1.13.4.Final.jar;D:\Quarkus\LibrariesMvn\org\eclipse\microprofile\context-propagation\microprofile-context-propagation-api\1.0.1\microprofile-context-propagation-api-1.0.1.jar;D:\Quarkus\LibrariesMvn\io\quarkus\arc\arc-processor\1.13.4.Final\arc-processor-1.13.4.Final.jar;D:\Quarkus\LibrariesMvn\org\jboss\logging\jboss-logging\3.4.1.Final\jboss-logging-3.4.1.Final.jar;D:\Quarkus\LibrariesMvn\jakarta\annotation\jakarta.annotation-api\1.3.5\jakarta.annotation-api-1.3.5.jar;D:\Quarkus\LibrariesMvn\io\quarkus\quarkus-junit5-internal\1.13.4.Final\quarkus-junit5-internal-1.13.4.Final.jar;D:\Quarkus\LibrariesMvn\org\jboss\shrinkwrap\shrinkwrap-api\1.2.6\shrinkwrap-api-1.2.6.jar;D:\Quarkus\LibrariesMvn\org\jboss\shrinkwrap\shrinkwrap-spi\1.2.6\shrinkwrap-spi-1.2.6.jar;D:\Quarkus\LibrariesMvn\org\jboss\shrinkwrap\shrinkwrap-impl-base\1.2.6\shrinkwrap-impl-base-1.2.6.jar;D:\Quarkus\LibrariesMvn\org\junit\jupiter\junit-jupiter-api\5.7.1\junit-jupiter-api-5.7.1.jar;D:\Quarkus\LibrariesMvn\org\apiguardian\apiguardian-api\1.1.0\apiguardian-api-1.1.0.jar;D:\Quarkus\LibrariesMvn\org\opentest4j\opentest4j\1.2.0\opentest4j-1.2.0.jar;D:\Quarkus\LibrariesMvn\org\junit\platform\junit-platform-commons\1.7.1\junit-platform-commons-1.7.1.jar;D:\Quarkus\LibrariesMvn\org\junit\jupiter\junit-jupiter-params\5.7.1\junit-jupiter-params-5.7.1.jar;D:\Quarkus\LibrariesMvn\org\junit\jupiter\junit-jupiter-engine\5.7.1\junit-jupiter-engine-5.7.1.jar;D:\Quarkus\LibrariesMvn\org\junit\platform\junit-platform-engine\1.7.1\junit-platform-engine-1.7.1.jar;D:\Quarkus\LibrariesMvn\io\quarkus\quarkus-core\1.13.4.Final\quarkus-core-1.13.4.Final.jar;D:\Quarkus\LibrariesMvn\jakarta\inject\jakarta.inject-api\1.0\jakarta.inject-api-1.0.jar;D:\Quarkus\LibrariesMvn\io\quarkus\quarkus-ide-launcher\1.13.4.Final\quarkus-ide-launcher-1.13.4.Final.jar;D:\Quarkus\LibrariesMvn\io\smallrye\config\smallrye-config\1.13.0\smallrye-config-1.13.0.jar;D:\Quarkus\LibrariesMvn\io\smallrye\common\smallrye-common-annotation\1.5.0\smallrye-common-annotation-1.5.0.jar;D:\Quarkus\LibrariesMvn\io\smallrye\common\smallrye-common-expression\1.5.0\smallrye-common-expression-1.5.0.jar;D:\Quarkus\LibrariesMvn\io\smallrye\common\smallrye-common-function\1.5.0\smallrye-common-function-1.5.0.jar;D:\Quarkus\LibrariesMvn\io\smallrye\common\smallrye-common-constraint\1.5.0\smallrye-common-constraint-1.5.0.jar;D:\Quarkus\LibrariesMvn\io\smallrye\common\smallrye-common-classloader\1.5.0\smallrye-common-classloader-1.5.0.jar;D:\Quarkus\LibrariesMvn\io\smallrye\config\smallrye-config-common\1.13.0\smallrye-config-common-1.13.0.jar;D:\Quarkus\LibrariesMvn\org\jboss\logmanager\jboss-logmanager-embedded\1.0.9\jboss-logmanager-embedded-1.0.9.jar;D:\Quarkus\LibrariesMvn\org\jboss\logging\jboss-logging-annotations\2.2.0.Final\jboss-logging-annotations-2.2.0.Final.jar;D:\Quarkus\LibrariesMvn\org\jboss\threads\jboss-threads\3.2.0.Final\jboss-threads-3.2.0.Final.jar;D:\Quarkus\LibrariesMvn\org\slf4j\slf4j-api\1.7.30\slf4j-api-1.7.30.jar;D:\Quarkus\LibrariesMvn\org\jboss\slf4j\slf4j-jboss-logmanager\1.1.0.Final\slf4j-jboss-logmanager-1.1.0.Final.jar;D:\Quarkus\LibrariesMvn\io\quarkus\quarkus-bootstrap-runner\1.13.4.Final\quarkus-bootstrap-runner-1.13.4.Final.jar;D:\Quarkus\LibrariesMvn\io\quarkus\quarkus-test-common\1.13.4.Final\quarkus-test-common-1.13.4.Final.jar;D:\Quarkus\LibrariesMvn\io\quarkus\quarkus-jsonp-deployment\1.13.4.Final\quarkus-jsonp-deployment-1.13.4.Final.jar;D:\Quarkus\LibrariesMvn\io\quarkus\quarkus-jsonp\1.13.4.Final\quarkus-jsonp-1.13.4.Final.jar;D:\Quarkus\LibrariesMvn\org\jboss\logging\commons-logging-jboss-logging\1.0.0.Final\commons-logging-jboss-logging-1.0.0.Final.jar;D:\Quarkus\LibrariesMvn\jakarta\enterprise\jakarta.enterprise.cdi-api\2.0.2\jakarta.enterprise.cdi-api-2.0.2.jar;D:\Quarkus\LibrariesMvn\jakarta\el\jakarta.el-api\3.0.3\jakarta.el-api-3.0.3.jar;D:\Quarkus\LibrariesMvn\jakarta\interceptor\jakarta.interceptor-api\1.2.5\jakarta.interceptor-api-1.2.5.jar;D:\Quarkus\LibrariesMvn\io\quarkus\quarkus-devtools-utilities\1.13.4.Final\quarkus-devtools-utilities-1.13.4.Final.jar;D:\Quarkus\LibrariesMvn\io\quarkus\quarkus-junit5\1.13.4.Final\quarkus-junit5-1.13.4.Final.jar;D:\Quarkus\LibrariesMvn\io\quarkus\quarkus-bootstrap-core\1.13.4.Final\quarkus-bootstrap-core-1.13.4.Final.jar;D:\Quarkus\LibrariesMvn\io\quarkus\quarkus-bootstrap-app-model\1.13.4.Final\quarkus-bootstrap-app-model-1.13.4.Final.jar;D:\Quarkus\LibrariesMvn\io\quarkus\quarkus-bootstrap-maven-resolver\1.13.4.Final\quarkus-bootstrap-maven-resolver-1.13.4.Final.jar;D:\Quarkus\LibrariesMvn\org\apache\maven\maven-embedder\3.6.3\maven-embedder-3.6.3.jar;D:\Quarkus\LibrariesMvn\org\apache\maven\maven-settings\3.6.3\maven-settings-3.6.3.jar;D:\Quarkus\LibrariesMvn\org\apache\maven\maven-core\3.6.3\maven-core-3.6.3.jar;D:\Quarkus\LibrariesMvn\org\apache\maven\maven-artifact\3.6.3\maven-artifact-3.6.3.jar;D:\Quarkus\LibrariesMvn\org\codehaus\plexus\plexus-component-annotations\2.1.0\plexus-component-annotations-2.1.0.jar;D:\Quarkus\LibrariesMvn\org\apache\maven\maven-plugin-api\3.6.3\maven-plugin-api-3.6.3.jar;D:\Quarkus\LibrariesMvn\org\apache\maven\maven-model\3.6.3\maven-model-3.6.3.jar;D:\Quarkus\LibrariesMvn\org\apache\maven\maven-model-builder\3.6.3\maven-model-builder-3.6.3.jar;D:\Quarkus\LibrariesMvn\org\apache\maven\maven-builder-support\3.6.3\maven-builder-support-3.6.3.jar;D:\Quarkus\LibrariesMvn\org\apache\maven\resolver\maven-resolver-api\1.4.1\maven-resolver-api-1.4.1.jar;D:\Quarkus\LibrariesMvn\org\apache\maven\resolver\maven-resolver-util\1.4.1\maven-resolver-util-1.4.1.jar;D:\Quarkus\LibrariesMvn\org\apache\maven\shared\maven-shared-utils\3.2.1\maven-shared-utils-3.2.1.jar;D:\Quarkus\LibrariesMvn\com\google\inject\guice\4.2.1\guice-4.2.1-no_aop.jar;D:\Quarkus\LibrariesMvn\com\google\guava\guava\30.1-jre\guava-30.1-jre.jar;D:\Quarkus\LibrariesMvn\com\google\guava\failureaccess\1.0.1\failureaccess-1.0.1.jar;D:\Quarkus\LibrariesMvn\com\google\guava\listenablefuture\9999.0-empty-to-avoid-conflict-with-guava\listenablefuture-9999.0-empty-to-avoid-conflict-with-guava.jar;D:\Quarkus\LibrariesMvn\org\codehaus\plexus\plexus-utils\3.2.1\plexus-utils-3.2.1.jar;D:\Quarkus\LibrariesMvn\org\codehaus\plexus\plexus-classworlds\2.6.0\plexus-classworlds-2.6.0.jar;D:\Quarkus\LibrariesMvn\commons-cli\commons-cli\1.4\commons-cli-1.4.jar;D:\Quarkus\LibrariesMvn\org\apache\commons\commons-lang3\3.12.0\commons-lang3-3.12.0.jar;D:\Quarkus\LibrariesMvn\org\eclipse\sisu\org.eclipse.sisu.plexus\0.3.4\org.eclipse.sisu.plexus-0.3.4.jar;D:\Quarkus\LibrariesMvn\org\apache\maven\maven-settings-builder\3.6.3\maven-settings-builder-3.6.3.jar;D:\Quarkus\LibrariesMvn\org\codehaus\plexus\plexus-interpolation\1.25\plexus-interpolation-1.25.jar;D:\Quarkus\LibrariesMvn\org\sonatype\plexus\plexus-sec-dispatcher\1.4\plexus-sec-dispatcher-1.4.jar;D:\Quarkus\LibrariesMvn\org\sonatype\plexus\plexus-cipher\1.4\plexus-cipher-1.4.jar;D:\Quarkus\LibrariesMvn\org\apache\maven\maven-resolver-provider\3.6.3\maven-resolver-provider-3.6.3.jar;D:\Quarkus\LibrariesMvn\org\apache\maven\maven-repository-metadata\3.6.3\maven-repository-metadata-3.6.3.jar;D:\Quarkus\LibrariesMvn\org\apache\maven\resolver\maven-resolver-spi\1.4.1\maven-resolver-spi-1.4.1.jar;D:\Quarkus\LibrariesMvn\org\apache\maven\resolver\maven-resolver-impl\1.4.1\maven-resolver-impl-1.4.1.jar;D:\Quarkus\LibrariesMvn\org\apache\maven\resolver\maven-resolver-connector-basic\1.4.1\maven-resolver-connector-basic-1.4.1.jar;D:\Quarkus\LibrariesMvn\org\apache\maven\resolver\maven-resolver-transport-wagon\1.4.1\maven-resolver-transport-wagon-1.4.1.jar;D:\Quarkus\LibrariesMvn\org\apache\maven\wagon\wagon-http\3.3.4\wagon-http-3.3.4.jar;D:\Quarkus\LibrariesMvn\org\apache\maven\wagon\wagon-http-shared\3.3.4\wagon-http-shared-3.3.4.jar;D:\Quarkus\LibrariesMvn\org\jsoup\jsoup\1.12.1\jsoup-1.12.1.jar;D:\Quarkus\LibrariesMvn\org\apache\maven\wagon\wagon-provider-api\3.3.4\wagon-provider-api-3.3.4.jar;D:\Quarkus\LibrariesMvn\org\apache\maven\wagon\wagon-file\3.3.4\wagon-file-3.3.4.jar;D:\Quarkus\LibrariesMvn\io\quarkus\quarkus-bootstrap-gradle-resolver\1.13.4.Final\quarkus-bootstrap-gradle-resolver-1.13.4.Final.jar;D:\Quarkus\LibrariesMvn\io\smallrye\common\smallrye-common-io\1.5.0\smallrye-common-io-1.5.0.jar;D:\Quarkus\LibrariesMvn\org\eclipse\sisu\org.eclipse.sisu.inject\0.3.4\org.eclipse.sisu.inject-0.3.4.jar;D:\Quarkus\LibrariesMvn\org\junit\jupiter\junit-jupiter\5.7.1\junit-jupiter-5.7.1.jar;D:\Quarkus\LibrariesMvn\io\quarkus\quarkus-datasource-deployment-spi\1.13.4.Final\quarkus-datasource-deployment-spi-1.13.4.Final.jar;D:\Quarkus\LibrariesMvn\io\quarkus\quarkus-datasource-common\1.13.4.Final\quarkus-datasource-common-1.13.4.Final.jar;D:\Quarkus\LibrariesMvn\com\thoughtworks\xstream\xstream\1.4.16\xstream-1.4.16.jar;D:\Quarkus\LibrariesMvn\io\github\x-stream\mxparser\1.2.1\mxparser-1.2.1.jar;D:\Quarkus\LibrariesMvn\xmlpull\xmlpull\1.1.3.1\xmlpull-1.1.3.1.jar;D:\Devonfw\fwk-dist_2.1.0\workspaces\Librerias Arquitectura\Quarkus\rest-jokes-extension\runtime\target\rest-jokes-extension-1.0.0-SNAPSHOT.jar;D:\Quarkus\LibrariesMvn\io\quarkus\quarkus-rest-client\1.13.4.Final\quarkus-rest-client-1.13.4.Final.jar;D:\Quarkus\LibrariesMvn\io\quarkus\quarkus-resteasy-common\1.13.4.Final\quarkus-resteasy-common-1.13.4.Final.jar;D:\Quarkus\LibrariesMvn\org\jboss\resteasy\resteasy-core\4.5.12.Final\resteasy-core-4.5.12.Final.jar;D:\Quarkus\LibrariesMvn\org\jboss\spec\javax\ws\rs\jboss-jaxrs-api_2.1_spec\2.0.1.Final\jboss-jaxrs-api_2.1_spec-2.0.1.Final.jar;D:\Quarkus\LibrariesMvn\org\jboss\spec\javax\xml\bind\jboss-jaxb-api_2.3_spec\2.0.0.Final\jboss-jaxb-api_2.3_spec-2.0.0.Final.jar;D:\Quarkus\LibrariesMvn\org\jboss\resteasy\resteasy-core-spi\4.5.12.Final\resteasy-core-spi-4.5.12.Final.jar;D:\Quarkus\LibrariesMvn\org\reactivestreams\reactive-streams\1.0.3\reactive-streams-1.0.3.jar;D:\Quarkus\LibrariesMvn\jakarta\validation\jakarta.validation-api\2.0.2\jakarta.validation-api-2.0.2.jar;D:\Quarkus\LibrariesMvn\com\ibm\async\asyncutil\0.1.0\asyncutil-0.1.0.jar;D:\Quarkus\LibrariesMvn\com\sun\activation\jakarta.activation\1.2.1\jakarta.activation-1.2.1.jar;D:\Quarkus\LibrariesMvn\org\jboss\resteasy\resteasy-client-microprofile\4.5.12.Final\resteasy-client-microprofile-4.5.12.Final.jar;D:\Quarkus\LibrariesMvn\org\jboss\resteasy\resteasy-client\4.5.12.Final\resteasy-client-4.5.12.Final.jar;D:\Quarkus\LibrariesMvn\org\jboss\resteasy\resteasy-client-api\4.5.12.Final\resteasy-client-api-4.5.12.Final.jar;D:\Quarkus\LibrariesMvn\commons-codec\commons-codec\1.14\commons-codec-1.14.jar;D:\Quarkus\LibrariesMvn\org\eclipse\microprofile\rest\client\microprofile-rest-client-api\1.4.1\microprofile-rest-client-api-1.4.1.jar;D:\Quarkus\LibrariesMvn\org\apache\httpcomponents\httpasyncclient\4.1.4\httpasyncclient-4.1.4.jar;D:\Quarkus\LibrariesMvn\org\apache\httpcomponents\httpcore\4.4.14\httpcore-4.4.14.jar;D:\Quarkus\LibrariesMvn\org\apache\httpcomponents\httpcore-nio\4.4.14\httpcore-nio-4.4.14.jar;D:\Quarkus\LibrariesMvn\org\apache\httpcomponents\httpclient\4.5.13\httpclient-4.5.13.jar;D:\Quarkus\LibrariesMvn\io\quarkus\quarkus-resteasy-jsonb\1.13.4.Final\quarkus-resteasy-jsonb-1.13.4.Final.jar;D:\Quarkus\LibrariesMvn\io\quarkus\quarkus-resteasy\1.13.4.Final\quarkus-resteasy-1.13.4.Final.jar;D:\Quarkus\LibrariesMvn\io\quarkus\quarkus-vertx-http\1.13.4.Final\quarkus-vertx-http-1.13.4.Final.jar;D:\Quarkus\LibrariesMvn\io\quarkus\quarkus-security-runtime-spi\1.13.4.Final\quarkus-security-runtime-spi-1.13.4.Final.jar;D:\Quarkus\LibrariesMvn\io\quarkus\security\quarkus-security\1.1.4.Final\quarkus-security-1.1.4.Final.jar;D:\Quarkus\LibrariesMvn\io\smallrye\reactive\mutiny\0.14.0\mutiny-0.14.0.jar;D:\Quarkus\LibrariesMvn\io\quarkus\quarkus-vertx-core\1.13.4.Final\quarkus-vertx-core-1.13.4.Final.jar;D:\Quarkus\LibrariesMvn\io\quarkus\quarkus-netty\1.13.4.Final\quarkus-netty-1.13.4.Final.jar;D:\Quarkus\LibrariesMvn\io\quarkus\quarkus-resteasy-server-common\1.13.4.Final\quarkus-resteasy-server-common-1.13.4.Final.jar;D:\Quarkus\LibrariesMvn\io\quarkus\quarkus-jsonb\1.13.4.Final\quarkus-jsonb-1.13.4.Final.jar;D:\Quarkus\LibrariesMvn\org\eclipse\yasson\1.0.9\yasson-1.0.9.jar;D:\Quarkus\LibrariesMvn\org\jboss\resteasy\resteasy-json-binding-provider\4.5.12.Final\resteasy-json-binding-provider-4.5.12.Final.jar;D:\Quarkus\LibrariesMvn\org\glassfish\jakarta.json\1.1.6\jakarta.json-1.1.6.jar;D:\Quarkus\LibrariesMvn\jakarta\json\bind\jakarta.json.bind-api\1.0.2\jakarta.json.bind-api-1.0.2.jar;D:\Quarkus\LibrariesMvn\org\jboss\resteasy\resteasy-json-p-provider\4.5.12.Final\resteasy-json-p-provider-4.5.12.Final.jar;D:\Quarkus\LibrariesMvn\commons-io\commons-io\2.8.0\commons-io-2.8.0.jar;D:\Quarkus\LibrariesMvn\io\quarkus\quarkus-config-yaml\1.13.4.Final\quarkus-config-yaml-1.13.4.Final.jar;D:\Quarkus\LibrariesMvn\io\smallrye\config\smallrye-config-source-yaml\1.13.0\smallrye-config-source-yaml-1.13.0.jar;D:\Quarkus\LibrariesMvn\org\yaml\snakeyaml\1.28\snakeyaml-1.28.jar;D:\Quarkus\LibrariesMvn\org\eclipse\microprofile\config\microprofile-config-api\1.4\microprofile-config-api-1.4.jar;"/>
    <property name="java.vm.vendor" value="Oracle Corporation"/>
    <property name="sun.arch.data.model" value="64"/>
    <property name="user.variant" value=""/>
    <property name="java.vendor.url" value="https://openjdk.java.net/"/>
    <property name="user.timezone" value="Europe/Paris"/>
    <property name="user.country.format" value="ES"/>
    <property name="java.vm.specification.version" value="11"/>
    <property name="os.name" value="Windows 10"/>
    <property name="sun.java.launcher" value="SUN_STANDARD"/>
    <property name="user.country" value="US"/>
    <property name="sun.boot.library.path" value="D:\Quarkus\jdk-11.0.8\bin"/>
    <property name="sun.java.command" value="C:\Users\lfernan2\AppData\Local\Temp\3\surefire1600799798885219907\surefirebooter14978124506435497445.jar C:\Users\lfernan2\AppData\Local\Temp\3\surefire1600799798885219907 2021-05-25T16-05-26_150-jvmRun1 surefire9147273070946616414tmp surefire_012332953463458630845tmp"/>
    <property name="jdk.debug" value="release"/>
    <property name="maven.home" value="D:\Quarkus\apache-maven-3.6.3\bin\.."/>
    <property name="surefire.test.class.path" value="D:\Devonfw\fwk-dist_2.1.0\workspaces\Librerias Arquitectura\Quarkus\rest-jokes-extension\deployment\target\test-classes;D:\Devonfw\fwk-dist_2.1.0\workspaces\Librerias Arquitectura\Quarkus\rest-jokes-extension\deployment\target\classes;D:\Quarkus\LibrariesMvn\io\quarkus\quarkus-arc-deployment\1.13.4.Final\quarkus-arc-deployment-1.13.4.Final.jar;D:\Quarkus\LibrariesMvn\io\quarkus\quarkus-core-deployment\1.13.4.Final\quarkus-core-deployment-1.13.4.Final.jar;D:\Quarkus\LibrariesMvn\org\wildfly\common\wildfly-common\1.5.4.Final-format-001\wildfly-common-1.5.4.Final-format-001.jar;D:\Quarkus\LibrariesMvn\io\quarkus\gizmo\gizmo\1.0.7.Final\gizmo-1.0.7.Final.jar;D:\Quarkus\LibrariesMvn\org\ow2\asm\asm-util\9.1\asm-util-9.1.jar;D:\Quarkus\LibrariesMvn\org\ow2\asm\asm-tree\9.1\asm-tree-9.1.jar;D:\Quarkus\LibrariesMvn\org\ow2\asm\asm-analysis\9.1\asm-analysis-9.1.jar;D:\Quarkus\LibrariesMvn\org\jboss\jandex\2.2.3.Final\jandex-2.2.3.Final.jar;D:\Quarkus\LibrariesMvn\org\ow2\asm\asm\9.1\asm-9.1.jar;D:\Quarkus\LibrariesMvn\io\quarkus\quarkus-development-mode-spi\1.13.4.Final\quarkus-development-mode-spi-1.13.4.Final.jar;D:\Quarkus\LibrariesMvn\io\quarkus\quarkus-class-change-agent\1.13.4.Final\quarkus-class-change-agent-1.13.4.Final.jar;D:\Quarkus\LibrariesMvn\io\quarkus\quarkus-builder\1.13.4.Final\quarkus-builder-1.13.4.Final.jar;D:\Quarkus\LibrariesMvn\org\graalvm\sdk\graal-sdk\21.0.0\graal-sdk-21.0.0.jar;D:\Quarkus\LibrariesMvn\io\quarkus\quarkus-vertx-http-dev-console-spi\1.13.4.Final\quarkus-vertx-http-dev-console-spi-1.13.4.Final.jar;D:\Quarkus\LibrariesMvn\io\quarkus\quarkus-vertx-http-dev-console-runtime-spi\1.13.4.Final\quarkus-vertx-http-dev-console-runtime-spi-1.13.4.Final.jar;D:\Quarkus\LibrariesMvn\io\quarkus\arc\arc\1.13.4.Final\arc-1.13.4.Final.jar;D:\Quarkus\LibrariesMvn\jakarta\transaction\jakarta.transaction-api\1.3.3\jakarta.transaction-api-1.3.3.jar;D:\Quarkus\LibrariesMvn\io\vertx\vertx-web\3.9.6\vertx-web-3.9.6.jar;D:\Quarkus\LibrariesMvn\io\vertx\vertx-web-common\3.9.6\vertx-web-common-3.9.6.jar;D:\Quarkus\LibrariesMvn\io\vertx\vertx-auth-common\3.9.6\vertx-auth-common-3.9.6.jar;D:\Quarkus\LibrariesMvn\io\vertx\vertx-bridge-common\3.9.6\vertx-bridge-common-3.9.6.jar;D:\Quarkus\LibrariesMvn\io\vertx\vertx-core\3.9.6\vertx-core-3.9.6.jar;D:\Quarkus\LibrariesMvn\io\netty\netty-common\4.1.49.Final\netty-common-4.1.49.Final.jar;D:\Quarkus\LibrariesMvn\io\netty\netty-buffer\4.1.49.Final\netty-buffer-4.1.49.Final.jar;D:\Quarkus\LibrariesMvn\io\netty\netty-transport\4.1.49.Final\netty-transport-4.1.49.Final.jar;D:\Quarkus\LibrariesMvn\io\netty\netty-handler\4.1.49.Final\netty-handler-4.1.49.Final.jar;D:\Quarkus\LibrariesMvn\io\netty\netty-codec\4.1.49.Final\netty-codec-4.1.49.Final.jar;D:\Quarkus\LibrariesMvn\io\netty\netty-handler-proxy\4.1.49.Final\netty-handler-proxy-4.1.49.Final.jar;D:\Quarkus\LibrariesMvn\io\netty\netty-codec-socks\4.1.49.Final\netty-codec-socks-4.1.49.Final.jar;D:\Quarkus\LibrariesMvn\io\netty\netty-codec-http\4.1.49.Final\netty-codec-http-4.1.49.Final.jar;D:\Quarkus\LibrariesMvn\io\netty\netty-codec-http2\4.1.49.Final\netty-codec-http2-4.1.49.Final.jar;D:\Quarkus\LibrariesMvn\io\netty\netty-resolver\4.1.49.Final\netty-resolver-4.1.49.Final.jar;D:\Quarkus\LibrariesMvn\io\netty\netty-resolver-dns\4.1.49.Final\netty-resolver-dns-4.1.49.Final.jar;D:\Quarkus\LibrariesMvn\io\netty\netty-codec-dns\4.1.49.Final\netty-codec-dns-4.1.49.Final.jar;D:\Quarkus\LibrariesMvn\com\fasterxml\jackson\core\jackson-core\2.12.3\jackson-core-2.12.3.jar;D:\Quarkus\LibrariesMvn\com\fasterxml\jackson\core\jackson-databind\2.12.3\jackson-databind-2.12.3.jar;D:\Quarkus\LibrariesMvn\com\fasterxml\jackson\core\jackson-annotations\2.12.3\jackson-annotations-2.12.3.jar;D:\Quarkus\LibrariesMvn\io\quarkus\quarkus-arc\1.13.4.Final\quarkus-arc-1.13.4.Final.jar;D:\Quarkus\LibrariesMvn\org\eclipse\microprofile\context-propagation\microprofile-context-propagation-api\1.0.1\microprofile-context-propagation-api-1.0.1.jar;D:\Quarkus\LibrariesMvn\io\quarkus\arc\arc-processor\1.13.4.Final\arc-processor-1.13.4.Final.jar;D:\Quarkus\LibrariesMvn\org\jboss\logging\jboss-logging\3.4.1.Final\jboss-logging-3.4.1.Final.jar;D:\Quarkus\LibrariesMvn\jakarta\annotation\jakarta.annotation-api\1.3.5\jakarta.annotation-api-1.3.5.jar;D:\Quarkus\LibrariesMvn\io\quarkus\quarkus-junit5-internal\1.13.4.Final\quarkus-junit5-internal-1.13.4.Final.jar;D:\Quarkus\LibrariesMvn\org\jboss\shrinkwrap\shrinkwrap-api\1.2.6\shrinkwrap-api-1.2.6.jar;D:\Quarkus\LibrariesMvn\org\jboss\shrinkwrap\shrinkwrap-spi\1.2.6\shrinkwrap-spi-1.2.6.jar;D:\Quarkus\LibrariesMvn\org\jboss\shrinkwrap\shrinkwrap-impl-base\1.2.6\shrinkwrap-impl-base-1.2.6.jar;D:\Quarkus\LibrariesMvn\org\junit\jupiter\junit-jupiter-api\5.7.1\junit-jupiter-api-5.7.1.jar;D:\Quarkus\LibrariesMvn\org\apiguardian\apiguardian-api\1.1.0\apiguardian-api-1.1.0.jar;D:\Quarkus\LibrariesMvn\org\opentest4j\opentest4j\1.2.0\opentest4j-1.2.0.jar;D:\Quarkus\LibrariesMvn\org\junit\platform\junit-platform-commons\1.7.1\junit-platform-commons-1.7.1.jar;D:\Quarkus\LibrariesMvn\org\junit\jupiter\junit-jupiter-params\5.7.1\junit-jupiter-params-5.7.1.jar;D:\Quarkus\LibrariesMvn\org\junit\jupiter\junit-jupiter-engine\5.7.1\junit-jupiter-engine-5.7.1.jar;D:\Quarkus\LibrariesMvn\org\junit\platform\junit-platform-engine\1.7.1\junit-platform-engine-1.7.1.jar;D:\Quarkus\LibrariesMvn\io\quarkus\quarkus-core\1.13.4.Final\quarkus-core-1.13.4.Final.jar;D:\Quarkus\LibrariesMvn\jakarta\inject\jakarta.inject-api\1.0\jakarta.inject-api-1.0.jar;D:\Quarkus\LibrariesMvn\io\quarkus\quarkus-ide-launcher\1.13.4.Final\quarkus-ide-launcher-1.13.4.Final.jar;D:\Quarkus\LibrariesMvn\io\smallrye\config\smallrye-config\1.13.0\smallrye-config-1.13.0.jar;D:\Quarkus\LibrariesMvn\io\smallrye\common\smallrye-common-annotation\1.5.0\smallrye-common-annotation-1.5.0.jar;D:\Quarkus\LibrariesMvn\io\smallrye\common\smallrye-common-expression\1.5.0\smallrye-common-expression-1.5.0.jar;D:\Quarkus\LibrariesMvn\io\smallrye\common\smallrye-common-function\1.5.0\smallrye-common-function-1.5.0.jar;D:\Quarkus\LibrariesMvn\io\smallrye\common\smallrye-common-constraint\1.5.0\smallrye-common-constraint-1.5.0.jar;D:\Quarkus\LibrariesMvn\io\smallrye\common\smallrye-common-classloader\1.5.0\smallrye-common-classloader-1.5.0.jar;D:\Quarkus\LibrariesMvn\io\smallrye\config\smallrye-config-common\1.13.0\smallrye-config-common-1.13.0.jar;D:\Quarkus\LibrariesMvn\org\jboss\logmanager\jboss-logmanager-embedded\1.0.9\jboss-logmanager-embedded-1.0.9.jar;D:\Quarkus\LibrariesMvn\org\jboss\logging\jboss-logging-annotations\2.2.0.Final\jboss-logging-annotations-2.2.0.Final.jar;D:\Quarkus\LibrariesMvn\org\jboss\threads\jboss-threads\3.2.0.Final\jboss-threads-3.2.0.Final.jar;D:\Quarkus\LibrariesMvn\org\slf4j\slf4j-api\1.7.30\slf4j-api-1.7.30.jar;D:\Quarkus\LibrariesMvn\org\jboss\slf4j\slf4j-jboss-logmanager\1.1.0.Final\slf4j-jboss-logmanager-1.1.0.Final.jar;D:\Quarkus\LibrariesMvn\io\quarkus\quarkus-bootstrap-runner\1.13.4.Final\quarkus-bootstrap-runner-1.13.4.Final.jar;D:\Quarkus\LibrariesMvn\io\quarkus\quarkus-test-common\1.13.4.Final\quarkus-test-common-1.13.4.Final.jar;D:\Quarkus\LibrariesMvn\io\quarkus\quarkus-jsonp-deployment\1.13.4.Final\quarkus-jsonp-deployment-1.13.4.Final.jar;D:\Quarkus\LibrariesMvn\io\quarkus\quarkus-jsonp\1.13.4.Final\quarkus-jsonp-1.13.4.Final.jar;D:\Quarkus\LibrariesMvn\org\jboss\logging\commons-logging-jboss-logging\1.0.0.Final\commons-logging-jboss-logging-1.0.0.Final.jar;D:\Quarkus\LibrariesMvn\jakarta\enterprise\jakarta.enterprise.cdi-api\2.0.2\jakarta.enterprise.cdi-api-2.0.2.jar;D:\Quarkus\LibrariesMvn\jakarta\el\jakarta.el-api\3.0.3\jakarta.el-api-3.0.3.jar;D:\Quarkus\LibrariesMvn\jakarta\interceptor\jakarta.interceptor-api\1.2.5\jakarta.interceptor-api-1.2.5.jar;D:\Quarkus\LibrariesMvn\io\quarkus\quarkus-devtools-utilities\1.13.4.Final\quarkus-devtools-utilities-1.13.4.Final.jar;D:\Quarkus\LibrariesMvn\io\quarkus\quarkus-junit5\1.13.4.Final\quarkus-junit5-1.13.4.Final.jar;D:\Quarkus\LibrariesMvn\io\quarkus\quarkus-bootstrap-core\1.13.4.Final\quarkus-bootstrap-core-1.13.4.Final.jar;D:\Quarkus\LibrariesMvn\io\quarkus\quarkus-bootstrap-app-model\1.13.4.Final\quarkus-bootstrap-app-model-1.13.4.Final.jar;D:\Quarkus\LibrariesMvn\io\quarkus\quarkus-bootstrap-maven-resolver\1.13.4.Final\quarkus-bootstrap-maven-resolver-1.13.4.Final.jar;D:\Quarkus\LibrariesMvn\org\apache\maven\maven-embedder\3.6.3\maven-embedder-3.6.3.jar;D:\Quarkus\LibrariesMvn\org\apache\maven\maven-settings\3.6.3\maven-settings-3.6.3.jar;D:\Quarkus\LibrariesMvn\org\apache\maven\maven-core\3.6.3\maven-core-3.6.3.jar;D:\Quarkus\LibrariesMvn\org\apache\maven\maven-artifact\3.6.3\maven-artifact-3.6.3.jar;D:\Quarkus\LibrariesMvn\org\codehaus\plexus\plexus-component-annotations\2.1.0\plexus-component-annotations-2.1.0.jar;D:\Quarkus\LibrariesMvn\org\apache\maven\maven-plugin-api\3.6.3\maven-plugin-api-3.6.3.jar;D:\Quarkus\LibrariesMvn\org\apache\maven\maven-model\3.6.3\maven-model-3.6.3.jar;D:\Quarkus\LibrariesMvn\org\apache\maven\maven-model-builder\3.6.3\maven-model-builder-3.6.3.jar;D:\Quarkus\LibrariesMvn\org\apache\maven\maven-builder-support\3.6.3\maven-builder-support-3.6.3.jar;D:\Quarkus\LibrariesMvn\org\apache\maven\resolver\maven-resolver-api\1.4.1\maven-resolver-api-1.4.1.jar;D:\Quarkus\LibrariesMvn\org\apache\maven\resolver\maven-resolver-util\1.4.1\maven-resolver-util-1.4.1.jar;D:\Quarkus\LibrariesMvn\org\apache\maven\shared\maven-shared-utils\3.2.1\maven-shared-utils-3.2.1.jar;D:\Quarkus\LibrariesMvn\com\google\inject\guice\4.2.1\guice-4.2.1-no_aop.jar;D:\Quarkus\LibrariesMvn\com\google\guava\guava\30.1-jre\guava-30.1-jre.jar;D:\Quarkus\LibrariesMvn\com\google\guava\failureaccess\1.0.1\failureaccess-1.0.1.jar;D:\Quarkus\LibrariesMvn\com\google\guava\listenablefuture\9999.0-empty-to-avoid-conflict-with-guava\listenablefuture-9999.0-empty-to-avoid-conflict-with-guava.jar;D:\Quarkus\LibrariesMvn\org\codehaus\plexus\plexus-utils\3.2.1\plexus-utils-3.2.1.jar;D:\Quarkus\LibrariesMvn\org\codehaus\plexus\plexus-classworlds\2.6.0\plexus-classworlds-2.6.0.jar;D:\Quarkus\LibrariesMvn\commons-cli\commons-cli\1.4\commons-cli-1.4.jar;D:\Quarkus\LibrariesMvn\org\apache\commons\commons-lang3\3.12.0\commons-lang3-3.12.0.jar;D:\Quarkus\LibrariesMvn\org\eclipse\sisu\org.eclipse.sisu.plexus\0.3.4\org.eclipse.sisu.plexus-0.3.4.jar;D:\Quarkus\LibrariesMvn\org\apache\maven\maven-settings-builder\3.6.3\maven-settings-builder-3.6.3.jar;D:\Quarkus\LibrariesMvn\org\codehaus\plexus\plexus-interpolation\1.25\plexus-interpolation-1.25.jar;D:\Quarkus\LibrariesMvn\org\sonatype\plexus\plexus-sec-dispatcher\1.4\plexus-sec-dispatcher-1.4.jar;D:\Quarkus\LibrariesMvn\org\sonatype\plexus\plexus-cipher\1.4\plexus-cipher-1.4.jar;D:\Quarkus\LibrariesMvn\org\apache\maven\maven-resolver-provider\3.6.3\maven-resolver-provider-3.6.3.jar;D:\Quarkus\LibrariesMvn\org\apache\maven\maven-repository-metadata\3.6.3\maven-repository-metadata-3.6.3.jar;D:\Quarkus\LibrariesMvn\org\apache\maven\resolver\maven-resolver-spi\1.4.1\maven-resolver-spi-1.4.1.jar;D:\Quarkus\LibrariesMvn\org\apache\maven\resolver\maven-resolver-impl\1.4.1\maven-resolver-impl-1.4.1.jar;D:\Quarkus\LibrariesMvn\org\apache\maven\resolver\maven-resolver-connector-basic\1.4.1\maven-resolver-connector-basic-1.4.1.jar;D:\Quarkus\LibrariesMvn\org\apache\maven\resolver\maven-resolver-transport-wagon\1.4.1\maven-resolver-transport-wagon-1.4.1.jar;D:\Quarkus\LibrariesMvn\org\apache\maven\wagon\wagon-http\3.3.4\wagon-http-3.3.4.jar;D:\Quarkus\LibrariesMvn\org\apache\maven\wagon\wagon-http-shared\3.3.4\wagon-http-shared-3.3.4.jar;D:\Quarkus\LibrariesMvn\org\jsoup\jsoup\1.12.1\jsoup-1.12.1.jar;D:\Quarkus\LibrariesMvn\org\apache\maven\wagon\wagon-provider-api\3.3.4\wagon-provider-api-3.3.4.jar;D:\Quarkus\LibrariesMvn\org\apache\maven\wagon\wagon-file\3.3.4\wagon-file-3.3.4.jar;D:\Quarkus\LibrariesMvn\io\quarkus\quarkus-bootstrap-gradle-resolver\1.13.4.Final\quarkus-bootstrap-gradle-resolver-1.13.4.Final.jar;D:\Quarkus\LibrariesMvn\io\smallrye\common\smallrye-common-io\1.5.0\smallrye-common-io-1.5.0.jar;D:\Quarkus\LibrariesMvn\org\eclipse\sisu\org.eclipse.sisu.inject\0.3.4\org.eclipse.sisu.inject-0.3.4.jar;D:\Quarkus\LibrariesMvn\org\junit\jupiter\junit-jupiter\5.7.1\junit-jupiter-5.7.1.jar;D:\Quarkus\LibrariesMvn\io\quarkus\quarkus-datasource-deployment-spi\1.13.4.Final\quarkus-datasource-deployment-spi-1.13.4.Final.jar;D:\Quarkus\LibrariesMvn\io\quarkus\quarkus-datasource-common\1.13.4.Final\quarkus-datasource-common-1.13.4.Final.jar;D:\Quarkus\LibrariesMvn\com\thoughtworks\xstream\xstream\1.4.16\xstream-1.4.16.jar;D:\Quarkus\LibrariesMvn\io\github\x-stream\mxparser\1.2.1\mxparser-1.2.1.jar;D:\Quarkus\LibrariesMvn\xmlpull\xmlpull\1.1.3.1\xmlpull-1.1.3.1.jar;D:\Devonfw\fwk-dist_2.1.0\workspaces\Librerias Arquitectura\Quarkus\rest-jokes-extension\runtime\target\rest-jokes-extension-1.0.0-SNAPSHOT.jar;D:\Quarkus\LibrariesMvn\io\quarkus\quarkus-rest-client\1.13.4.Final\quarkus-rest-client-1.13.4.Final.jar;D:\Quarkus\LibrariesMvn\io\quarkus\quarkus-resteasy-common\1.13.4.Final\quarkus-resteasy-common-1.13.4.Final.jar;D:\Quarkus\LibrariesMvn\org\jboss\resteasy\resteasy-core\4.5.12.Final\resteasy-core-4.5.12.Final.jar;D:\Quarkus\LibrariesMvn\org\jboss\spec\javax\ws\rs\jboss-jaxrs-api_2.1_spec\2.0.1.Final\jboss-jaxrs-api_2.1_spec-2.0.1.Final.jar;D:\Quarkus\LibrariesMvn\org\jboss\spec\javax\xml\bind\jboss-jaxb-api_2.3_spec\2.0.0.Final\jboss-jaxb-api_2.3_spec-2.0.0.Final.jar;D:\Quarkus\LibrariesMvn\org\jboss\resteasy\resteasy-core-spi\4.5.12.Final\resteasy-core-spi-4.5.12.Final.jar;D:\Quarkus\LibrariesMvn\org\reactivestreams\reactive-streams\1.0.3\reactive-streams-1.0.3.jar;D:\Quarkus\LibrariesMvn\jakarta\validation\jakarta.validation-api\2.0.2\jakarta.validation-api-2.0.2.jar;D:\Quarkus\LibrariesMvn\com\ibm\async\asyncutil\0.1.0\asyncutil-0.1.0.jar;D:\Quarkus\LibrariesMvn\com\sun\activation\jakarta.activation\1.2.1\jakarta.activation-1.2.1.jar;D:\Quarkus\LibrariesMvn\org\jboss\resteasy\resteasy-client-microprofile\4.5.12.Final\resteasy-client-microprofile-4.5.12.Final.jar;D:\Quarkus\LibrariesMvn\org\jboss\resteasy\resteasy-client\4.5.12.Final\resteasy-client-4.5.12.Final.jar;D:\Quarkus\LibrariesMvn\org\jboss\resteasy\resteasy-client-api\4.5.12.Final\resteasy-client-api-4.5.12.Final.jar;D:\Quarkus\LibrariesMvn\commons-codec\commons-codec\1.14\commons-codec-1.14.jar;D:\Quarkus\LibrariesMvn\org\eclipse\microprofile\rest\client\microprofile-rest-client-api\1.4.1\microprofile-rest-client-api-1.4.1.jar;D:\Quarkus\LibrariesMvn\org\apache\httpcomponents\httpasyncclient\4.1.4\httpasyncclient-4.1.4.jar;D:\Quarkus\LibrariesMvn\org\apache\httpcomponents\httpcore\4.4.14\httpcore-4.4.14.jar;D:\Quarkus\LibrariesMvn\org\apache\httpcomponents\httpcore-nio\4.4.14\httpcore-nio-4.4.14.jar;D:\Quarkus\LibrariesMvn\org\apache\httpcomponents\httpclient\4.5.13\httpclient-4.5.13.jar;D:\Quarkus\LibrariesMvn\io\quarkus\quarkus-resteasy-jsonb\1.13.4.Final\quarkus-resteasy-jsonb-1.13.4.Final.jar;D:\Quarkus\LibrariesMvn\io\quarkus\quarkus-resteasy\1.13.4.Final\quarkus-resteasy-1.13.4.Final.jar;D:\Quarkus\LibrariesMvn\io\quarkus\quarkus-vertx-http\1.13.4.Final\quarkus-vertx-http-1.13.4.Final.jar;D:\Quarkus\LibrariesMvn\io\quarkus\quarkus-security-runtime-spi\1.13.4.Final\quarkus-security-runtime-spi-1.13.4.Final.jar;D:\Quarkus\LibrariesMvn\io\quarkus\security\quarkus-security\1.1.4.Final\quarkus-security-1.1.4.Final.jar;D:\Quarkus\LibrariesMvn\io\smallrye\reactive\mutiny\0.14.0\mutiny-0.14.0.jar;D:\Quarkus\LibrariesMvn\io\quarkus\quarkus-vertx-core\1.13.4.Final\quarkus-vertx-core-1.13.4.Final.jar;D:\Quarkus\LibrariesMvn\io\quarkus\quarkus-netty\1.13.4.Final\quarkus-netty-1.13.4.Final.jar;D:\Quarkus\LibrariesMvn\io\quarkus\quarkus-resteasy-server-common\1.13.4.Final\quarkus-resteasy-server-common-1.13.4.Final.jar;D:\Quarkus\LibrariesMvn\io\quarkus\quarkus-jsonb\1.13.4.Final\quarkus-jsonb-1.13.4.Final.jar;D:\Quarkus\LibrariesMvn\org\eclipse\yasson\1.0.9\yasson-1.0.9.jar;D:\Quarkus\LibrariesMvn\org\jboss\resteasy\resteasy-json-binding-provider\4.5.12.Final\resteasy-json-binding-provider-4.5.12.Final.jar;D:\Quarkus\LibrariesMvn\org\glassfish\jakarta.json\1.1.6\jakarta.json-1.1.6.jar;D:\Quarkus\LibrariesMvn\jakarta\json\bind\jakarta.json.bind-api\1.0.2\jakarta.json.bind-api-1.0.2.jar;D:\Quarkus\LibrariesMvn\org\jboss\resteasy\resteasy-json-p-provider\4.5.12.Final\resteasy-json-p-provider-4.5.12.Final.jar;D:\Quarkus\LibrariesMvn\commons-io\commons-io\2.8.0\commons-io-2.8.0.jar;D:\Quarkus\LibrariesMvn\io\quarkus\quarkus-config-yaml\1.13.4.Final\quarkus-config-yaml-1.13.4.Final.jar;D:\Quarkus\LibrariesMvn\io\smallrye\config\smallrye-config-source-yaml\1.13.0\smallrye-config-source-yaml-1.13.0.jar;D:\Quarkus\LibrariesMvn\org\yaml\snakeyaml\1.28\snakeyaml-1.28.jar;D:\Quarkus\LibrariesMvn\org\eclipse\microprofile\config\microprofile-config-api\1.4\microprofile-config-api-1.4.jar;"/>
    <property name="sun.cpu.endian" value="little"/>
    <property name="user.home" value="C:\Users\lfernan2"/>
    <property name="user.language" value="en"/>
    <property name="java.specification.vendor" value="Oracle Corporation"/>
    <property name="io.netty.allocator.maxOrder" value="1"/>
    <property name="java.version.date" value="2020-07-14"/>
    <property name="java.home" value="D:\Quarkus\jdk-11.0.8"/>
    <property name="file.separator" value="\"/>
    <property name="maven.repo" value="D:\Quarkus\LibrariesMvn"/>
    <property name="basedir" value="D:\Devonfw\fwk-dist_2.1.0\workspaces\Librerias Arquitectura\Quarkus\rest-jokes-extension\deployment"/>
    <property name="java.vm.compressedOopsMode" value="Zero based"/>
    <property name="line.separator" value="&#10;"/>
    <property name="java.specification.name" value="Java Platform API Specification"/>
    <property name="java.vm.specification.vendor" value="Oracle Corporation"/>
    <property name="java.awt.graphicsenv" value="sun.awt.Win32GraphicsEnvironment"/>
    <property name="surefire.real.class.path" value="C:\Users\lfernan2\AppData\Local\Temp\3\surefire1600799798885219907\surefirebooter14978124506435497445.jar"/>
    <property name="user.script" value=""/>
    <property name="sun.management.compiler" value="HotSpot 64-Bit Tiered Compilers"/>
    <property name="java.runtime.version" value="11.0.8+10-LTS"/>
    <property name="user.name" value="lfernan2"/>
    <property name="path.separator" value=";"/>
    <property name="os.version" value="10.0"/>
    <property name="java.runtime.name" value="Java(TM) SE Runtime Environment"/>
    <property name="file.encoding" value="Cp1252"/>
    <property name="sun.nio.ch.bugLevel" value=""/>
    <property name="java.vm.name" value="Java HotSpot(TM) 64-Bit Server VM"/>
    <property name="java.vendor.version" value="18.9"/>
    <property name="io.netty.noJdkZlibDecoder" value="false"/>
    <property name="localRepository" value="D:\Quarkus\LibrariesMvn"/>
    <property name="java.vendor.url.bug" value="https://bugreport.java.com/bugreport/"/>
    <property name="java.io.tmpdir" value="C:\Users\lfernan2\AppData\Local\Temp\3\"/>
    <property name="quarkus.log.file.path" value="target\quarkus.log"/>
    <property name="java.version" value="11.0.8"/>
    <property name="user.dir" value="D:\Devonfw\fwk-dist_2.1.0\workspaces\Librerias Arquitectura\Quarkus\rest-jokes-extension\deployment"/>
    <property name="os.arch" value="amd64"/>
    <property name="java.vm.specification.name" value="Java Virtual Machine Specification"/>
    <property name="vertx.disableDnsResolver" value="true"/>
    <property name="java.awt.printerjob" value="sun.awt.windows.WPrinterJob"/>
    <property name="user.language.format" value="es"/>
    <property name="sun.os.patch.level" value=""/>
    <property name="java.util.logging.manager" value="org.jboss.logmanager.LogManager"/>
    <property name="java.library.path" value="D:\Quarkus\jdk-11.0.8\bin;C:\WINDOWS\Sun\Java\bin;C:\WINDOWS\system32;C:\WINDOWS;C:\ProgramData\DockerDesktop\version-bin;C:\Program Files\Docker\Docker\Resources\bin;C:\WINDOWS\system32;C:\WINDOWS;C:\WINDOWS\System32\Wbem;C:\WINDOWS\System32\WindowsPowerShell\v1.0\;C:\WINDOWS\System32\OpenSSH\;C:\Program Files\OpenSSL-Win64\bin;C:\Program Files\Kubernetes\Minikube;D:\Quarkus\apache-maven-3.6.3\bin;C:\WINDOWS\system32\config\systemprofile.minishift\cache\oc\v1.4.1;D:\GCP\google-cloud-sdk\bin;C:\curl\bin;C:\ProgramData\chocolatey\bin;D:\Quarkus\gradle-4.8.1\bin;C:\WINDOWS\system32;C:\WINDOWS;C:\WINDOWS\System32\Wbem;C:\WINDOWS\System32\WindowsPowerShell\v1.0\;C:\WINDOWS\System32\OpenSSH\;C:\Program Files\nodejs\;D:\Quarkus\jdk-11.0.8\bin\;C:\Users\lfernan2\AppData\Local\Microsoft\WindowsApps;C:\Users\lfernan2\AppData\Local\Programs\Git\cmd;C:\Users\lfernan2\AppData\Roaming\npm;C:\Users\lfernan2\AppData\Local\Programs\Microsoft VS Code\bin;."/>
    <property name="java.vendor" value="Oracle Corporation"/>
    <property name="java.vm.info" value="mixed mode"/>
    <property name="java.vm.version" value="11.0.8+10-LTS"/>
    <property name="sun.io.unicode.encoding" value="UnicodeLittle"/>
    <property name="io.netty.machineId" value="ea:e9:af:8d:a2:d4:c6:ef"/>
    <property name="java.class.version" value="55.0"/>
  </properties>
  <testcase name="testGreeting" classname="com.jokes.remote.rest.CustomRestClientBuilderTest" time="0.991">
    <system-out><![CDATA[2021-05-25 16:05:43,352 INFO  [io.qua.arc.pro.BeanProcessor] (build-11) Found unrecommended usage of private members (use package-private instead) in application beans:
	- @Inject field com.jokes.remote.rest.CustomRestClientBuilderTest#customRest
2021-05-25 16:05:46,575 INFO  [io.quarkus] (main) Quarkus 1.13.4.Final on JVM started in 3.017s. Listening on: http://localhost:8081
2021-05-25 16:05:46,575 INFO  [io.quarkus] (main) Profile test activated. 
2021-05-25 16:05:46,576 INFO  [io.quarkus] (main) Installed features: [cdi, config-yaml, rest-client, resteasy-jsonb]
Start: com.jokes.remote.properties.JokeBean@5d4e13e1
2021-05-25 16:05:46,624 WARN  [org.jbo.res.res.i18n] (main) RESTEASY002160: Provider instance com.jokes.remote.provider.JokeProvider is already registered.  2nd registration is being ignored.
The bean is: null
Joke: {"categories":[],"created_at":"2020-01-05 13:42:20.841843","icon_url":"https://assets.chucknorris.host/img/avatar/chuck-norris.png","id":"BQgngEsvSnWNSPazjuDo6Q","updated_at":"2020-01-05 13:42:20.841843","url":"https://api.chucknorris.io/jokes/BQgngEsvSnWNSPazjuDo6Q","value":"The Kool-Aid Pitcher Man once burst through Chuck Norris' livingroom wall and said, \"Oh Nooooo!\""}
]]></system-out>
  </testcase>
</testsuite>